Grammar

    0 $accept: program $end

    1 program: expression

    2 expression: TOKEN_INT
    3           | TOKEN_STRING
    4           | TOKEN_IDENTIFIER
    5           | TOKEN_NIL
    6           | TOKEN_PRINT expression
    7           | TOKEN_READINT
    8           | TOKEN_READSTRING
    9           | TOKEN_HD expression
   10           | TOKEN_TL expression
   11           | TOKEN_ISNIL expression
   12           | expression TOKEN_CONS expression
   13           | expression TOKEN_PLUS expression
   14           | expression TOKEN_MINUS expression
   15           | expression TOKEN_TIMES expression
   16           | expression TOKEN_DIVIDE expression
   17           | expression TOKEN_AND expression
   18           | expression TOKEN_OR expression
   19           | expression TOKEN_EQ expression
   20           | expression TOKEN_NEQ expression
   21           | expression TOKEN_LT expression
   22           | expression TOKEN_LEQ expression
   23           | expression TOKEN_GT expression
   24           | expression TOKEN_GEQ expression
   25           | TOKEN_LET TOKEN_IDENTIFIER TOKEN_EQ expression TOKEN_IN expression
   26           | TOKEN_LAMBDA identifier_list TOKEN_DOT expression
   27           | TOKEN_LPAREN expression_application TOKEN_RPAREN
   28           | TOKEN_LPAREN expression TOKEN_RPAREN
   29           | TOKEN_FUN identifier TOKEN_WITH identifier_list TOKEN_EQ expression TOKEN_IN expression
   30           | TOKEN_IF expression TOKEN_THEN expression TOKEN_ELSE expression
   31           | TOKEN_ERROR

   32 expression_application: expression expression
   33                       | expression_application expression

   34 identifier: TOKEN_IDENTIFIER

   35 identifier_list: identifier
   36                | identifier_list TOKEN_COMMA identifier


Terminals, with rules where they appear

$end (0) 0
error (256)
TOKEN_READSTRING (258) 8
TOKEN_READINT (259) 7
TOKEN_PRINT (260) 6
TOKEN_ISNIL (261) 11
TOKEN_HD (262) 9
TOKEN_TL (263) 10
TOKEN_CONS (264) 12
TOKEN_NIL (265) 5
TOKEN_DOT (266) 26
TOKEN_WITH (267) 29
TOKEN_LET (268) 25
TOKEN_PLUS (269) 13
TOKEN_MINUS (270) 14
TOKEN_IDENTIFIER (271) 4 25 34
TOKEN_TIMES (272) 15
TOKEN_DIVIDE (273) 16
TOKEN_INT (274) 2
TOKEN_LPAREN (275) 27 28
TOKEN_RPAREN (276) 27 28
TOKEN_AND (277) 17
TOKEN_OR (278) 18
TOKEN_EQ (279) 19 25 29
TOKEN_NEQ (280) 20
TOKEN_GT (281) 23
TOKEN_GEQ (282) 24
TOKEN_LT (283) 21
TOKEN_LEQ (284) 22
TOKEN_IF (285) 30
TOKEN_THEN (286) 30
TOKEN_ELSE (287) 30
TOKEN_LAMBDA (288) 26
TOKEN_FUN (289) 29
TOKEN_COMMA (290) 36
TOKEN_STRING (291) 3
TOKEN_ERROR (292) 31
TOKEN_IN (293) 25 29
EXPR (294)


Nonterminals, with rules where they appear

$accept (40)
    on left: 0
program (41)
    on left: 1, on right: 0
expression (42)
    on left: 2 3 4 5 6 7 8 9 10 11 12 13 14 15 16 17 18 19 20 21 22
    23 24 25 26 27 28 29 30 31, on right: 1 6 9 10 11 12 13 14 15 16
    17 18 19 20 21 22 23 24 25 26 28 29 30 32 33
expression_application (43)
    on left: 32 33, on right: 27 33
identifier (44)
    on left: 34, on right: 29 35 36
identifier_list (45)
    on left: 35 36, on right: 26 29 36


state 0

    0 $accept: . program $end

    TOKEN_READSTRING  shift, and go to state 1
    TOKEN_READINT     shift, and go to state 2
    TOKEN_PRINT       shift, and go to state 3
    TOKEN_ISNIL       shift, and go to state 4
    TOKEN_HD          shift, and go to state 5
    TOKEN_TL          shift, and go to state 6
    TOKEN_NIL         shift, and go to state 7
    TOKEN_LET         shift, and go to state 8
    TOKEN_IDENTIFIER  shift, and go to state 9
    TOKEN_INT         shift, and go to state 10
    TOKEN_LPAREN      shift, and go to state 11
    TOKEN_IF          shift, and go to state 12
    TOKEN_LAMBDA      shift, and go to state 13
    TOKEN_FUN         shift, and go to state 14
    TOKEN_STRING      shift, and go to state 15
    TOKEN_ERROR       shift, and go to state 16

    program     go to state 17
    expression  go to state 18


state 1

    8 expression: TOKEN_READSTRING .

    $default  reduce using rule 8 (expression)


state 2

    7 expression: TOKEN_READINT .

    $default  reduce using rule 7 (expression)


state 3

    6 expression: TOKEN_PRINT . expression

    TOKEN_READSTRING  shift, and go to state 1
    TOKEN_READINT     shift, and go to state 2
    TOKEN_PRINT       shift, and go to state 3
    TOKEN_ISNIL       shift, and go to state 4
    TOKEN_HD          shift, and go to state 5
    TOKEN_TL          shift, and go to state 6
    TOKEN_NIL         shift, and go to state 7
    TOKEN_LET         shift, and go to state 8
    TOKEN_IDENTIFIER  shift, and go to state 9
    TOKEN_INT         shift, and go to state 10
    TOKEN_LPAREN      shift, and go to state 11
    TOKEN_IF          shift, and go to state 12
    TOKEN_LAMBDA      shift, and go to state 13
    TOKEN_FUN         shift, and go to state 14
    TOKEN_STRING      shift, and go to state 15
    TOKEN_ERROR       shift, and go to state 16

    expression  go to state 19


state 4

   11 expression: TOKEN_ISNIL . expression

    TOKEN_READSTRING  shift, and go to state 1
    TOKEN_READINT     shift, and go to state 2
    TOKEN_PRINT       shift, and go to state 3
    TOKEN_ISNIL       shift, and go to state 4
    TOKEN_HD          shift, and go to state 5
    TOKEN_TL          shift, and go to state 6
    TOKEN_NIL         shift, and go to state 7
    TOKEN_LET         shift, and go to state 8
    TOKEN_IDENTIFIER  shift, and go to state 9
    TOKEN_INT         shift, and go to state 10
    TOKEN_LPAREN      shift, and go to state 11
    TOKEN_IF          shift, and go to state 12
    TOKEN_LAMBDA      shift, and go to state 13
    TOKEN_FUN         shift, and go to state 14
    TOKEN_STRING      shift, and go to state 15
    TOKEN_ERROR       shift, and go to state 16

    expression  go to state 20


state 5

    9 expression: TOKEN_HD . expression

    TOKEN_READSTRING  shift, and go to state 1
    TOKEN_READINT     shift, and go to state 2
    TOKEN_PRINT       shift, and go to state 3
    TOKEN_ISNIL       shift, and go to state 4
    TOKEN_HD          shift, and go to state 5
    TOKEN_TL          shift, and go to state 6
    TOKEN_NIL         shift, and go to state 7
    TOKEN_LET         shift, and go to state 8
    TOKEN_IDENTIFIER  shift, and go to state 9
    TOKEN_INT         shift, and go to state 10
    TOKEN_LPAREN      shift, and go to state 11
    TOKEN_IF          shift, and go to state 12
    TOKEN_LAMBDA      shift, and go to state 13
    TOKEN_FUN         shift, and go to state 14
    TOKEN_STRING      shift, and go to state 15
    TOKEN_ERROR       shift, and go to state 16

    expression  go to state 21


state 6

   10 expression: TOKEN_TL . expression

    TOKEN_READSTRING  shift, and go to state 1
    TOKEN_READINT     shift, and go to state 2
    TOKEN_PRINT       shift, and go to state 3
    TOKEN_ISNIL       shift, and go to state 4
    TOKEN_HD          shift, and go to state 5
    TOKEN_TL          shift, and go to state 6
    TOKEN_NIL         shift, and go to state 7
    TOKEN_LET         shift, and go to state 8
    TOKEN_IDENTIFIER  shift, and go to state 9
    TOKEN_INT         shift, and go to state 10
    TOKEN_LPAREN      shift, and go to state 11
    TOKEN_IF          shift, and go to state 12
    TOKEN_LAMBDA      shift, and go to state 13
    TOKEN_FUN         shift, and go to state 14
    TOKEN_STRING      shift, and go to state 15
    TOKEN_ERROR       shift, and go to state 16

    expression  go to state 22


state 7

    5 expression: TOKEN_NIL .

    $default  reduce using rule 5 (expression)


state 8

   25 expression: TOKEN_LET . TOKEN_IDENTIFIER TOKEN_EQ expression TOKEN_IN expression

    TOKEN_IDENTIFIER  shift, and go to state 23


state 9

    4 expression: TOKEN_IDENTIFIER .

    $default  reduce using rule 4 (expression)


state 10

    2 expression: TOKEN_INT .

    $default  reduce using rule 2 (expression)


state 11

   27 expression: TOKEN_LPAREN . expression_application TOKEN_RPAREN
   28           | TOKEN_LPAREN . expression TOKEN_RPAREN

    TOKEN_READSTRING  shift, and go to state 1
    TOKEN_READINT     shift, and go to state 2
    TOKEN_PRINT       shift, and go to state 3
    TOKEN_ISNIL       shift, and go to state 4
    TOKEN_HD          shift, and go to state 5
    TOKEN_TL          shift, and go to state 6
    TOKEN_NIL         shift, and go to state 7
    TOKEN_LET         shift, and go to state 8
    TOKEN_IDENTIFIER  shift, and go to state 9
    TOKEN_INT         shift, and go to state 10
    TOKEN_LPAREN      shift, and go to state 11
    TOKEN_IF          shift, and go to state 12
    TOKEN_LAMBDA      shift, and go to state 13
    TOKEN_FUN         shift, and go to state 14
    TOKEN_STRING      shift, and go to state 15
    TOKEN_ERROR       shift, and go to state 16

    expression              go to state 24
    expression_application  go to state 25


state 12

   30 expression: TOKEN_IF . expression TOKEN_THEN expression TOKEN_ELSE expression

    TOKEN_READSTRING  shift, and go to state 1
    TOKEN_READINT     shift, and go to state 2
    TOKEN_PRINT       shift, and go to state 3
    TOKEN_ISNIL       shift, and go to state 4
    TOKEN_HD          shift, and go to state 5
    TOKEN_TL          shift, and go to state 6
    TOKEN_NIL         shift, and go to state 7
    TOKEN_LET         shift, and go to state 8
    TOKEN_IDENTIFIER  shift, and go to state 9
    TOKEN_INT         shift, and go to state 10
    TOKEN_LPAREN      shift, and go to state 11
    TOKEN_IF          shift, and go to state 12
    TOKEN_LAMBDA      shift, and go to state 13
    TOKEN_FUN         shift, and go to state 14
    TOKEN_STRING      shift, and go to state 15
    TOKEN_ERROR       shift, and go to state 16

    expression  go to state 26


state 13

   26 expression: TOKEN_LAMBDA . identifier_list TOKEN_DOT expression

    TOKEN_IDENTIFIER  shift, and go to state 27

    identifier       go to state 28
    identifier_list  go to state 29


state 14

   29 expression: TOKEN_FUN . identifier TOKEN_WITH identifier_list TOKEN_EQ expression TOKEN_IN expression

    TOKEN_IDENTIFIER  shift, and go to state 27

    identifier  go to state 30


state 15

    3 expression: TOKEN_STRING .

    $default  reduce using rule 3 (expression)


state 16

   31 expression: TOKEN_ERROR .

    $default  reduce using rule 31 (expression)


state 17

    0 $accept: program . $end

    $end  shift, and go to state 31


state 18

    1 program: expression .
   12 expression: expression . TOKEN_CONS expression
   13           | expression . TOKEN_PLUS expression
   14           | expression . TOKEN_MINUS expression
   15           | expression . TOKEN_TIMES expression
   16           | expression . TOKEN_DIVIDE expression
   17           | expression . TOKEN_AND expression
   18           | expression . TOKEN_OR expression
   19           | expression . TOKEN_EQ expression
   20           | expression . TOKEN_NEQ expression
   21           | expression . TOKEN_LT expression
   22           | expression . TOKEN_LEQ expression
   23           | expression . TOKEN_GT expression
   24           | expression . TOKEN_GEQ expression

    TOKEN_CONS    shift, and go to state 32
    TOKEN_PLUS    shift, and go to state 33
    TOKEN_MINUS   shift, and go to state 34
    TOKEN_TIMES   shift, and go to state 35
    TOKEN_DIVIDE  shift, and go to state 36
    TOKEN_AND     shift, and go to state 37
    TOKEN_OR      shift, and go to state 38
    TOKEN_EQ      shift, and go to state 39
    TOKEN_NEQ     shift, and go to state 40
    TOKEN_GT      shift, and go to state 41
    TOKEN_GEQ     shift, and go to state 42
    TOKEN_LT      shift, and go to state 43
    TOKEN_LEQ     shift, and go to state 44

    $default  reduce using rule 1 (program)


state 19

    6 expression: TOKEN_PRINT expression .
   12           | expression . TOKEN_CONS expression
   13           | expression . TOKEN_PLUS expression
   14           | expression . TOKEN_MINUS expression
   15           | expression . TOKEN_TIMES expression
   16           | expression . TOKEN_DIVIDE expression
   17           | expression . TOKEN_AND expression
   18           | expression . TOKEN_OR expression
   19           | expression . TOKEN_EQ expression
   20           | expression . TOKEN_NEQ expression
   21           | expression . TOKEN_LT expression
   22           | expression . TOKEN_LEQ expression
   23           | expression . TOKEN_GT expression
   24           | expression . TOKEN_GEQ expression

    TOKEN_CONS    shift, and go to state 32
    TOKEN_PLUS    shift, and go to state 33
    TOKEN_MINUS   shift, and go to state 34
    TOKEN_TIMES   shift, and go to state 35
    TOKEN_DIVIDE  shift, and go to state 36
    TOKEN_AND     shift, and go to state 37
    TOKEN_OR      shift, and go to state 38
    TOKEN_EQ      shift, and go to state 39
    TOKEN_NEQ     shift, and go to state 40
    TOKEN_GT      shift, and go to state 41
    TOKEN_GEQ     shift, and go to state 42
    TOKEN_LT      shift, and go to state 43
    TOKEN_LEQ     shift, and go to state 44

    $default  reduce using rule 6 (expression)


state 20

   11 expression: TOKEN_ISNIL expression .
   12           | expression . TOKEN_CONS expression
   13           | expression . TOKEN_PLUS expression
   14           | expression . TOKEN_MINUS expression
   15           | expression . TOKEN_TIMES expression
   16           | expression . TOKEN_DIVIDE expression
   17           | expression . TOKEN_AND expression
   18           | expression . TOKEN_OR expression
   19           | expression . TOKEN_EQ expression
   20           | expression . TOKEN_NEQ expression
   21           | expression . TOKEN_LT expression
   22           | expression . TOKEN_LEQ expression
   23           | expression . TOKEN_GT expression
   24           | expression . TOKEN_GEQ expression

    TOKEN_CONS  shift, and go to state 32

    $default  reduce using rule 11 (expression)


state 21

    9 expression: TOKEN_HD expression .
   12           | expression . TOKEN_CONS expression
   13           | expression . TOKEN_PLUS expression
   14           | expression . TOKEN_MINUS expression
   15           | expression . TOKEN_TIMES expression
   16           | expression . TOKEN_DIVIDE expression
   17           | expression . TOKEN_AND expression
   18           | expression . TOKEN_OR expression
   19           | expression . TOKEN_EQ expression
   20           | expression . TOKEN_NEQ expression
   21           | expression . TOKEN_LT expression
   22           | expression . TOKEN_LEQ expression
   23           | expression . TOKEN_GT expression
   24           | expression . TOKEN_GEQ expression

    $default  reduce using rule 9 (expression)


state 22

   10 expression: TOKEN_TL expression .
   12           | expression . TOKEN_CONS expression
   13           | expression . TOKEN_PLUS expression
   14           | expression . TOKEN_MINUS expression
   15           | expression . TOKEN_TIMES expression
   16           | expression . TOKEN_DIVIDE expression
   17           | expression . TOKEN_AND expression
   18           | expression . TOKEN_OR expression
   19           | expression . TOKEN_EQ expression
   20           | expression . TOKEN_NEQ expression
   21           | expression . TOKEN_LT expression
   22           | expression . TOKEN_LEQ expression
   23           | expression . TOKEN_GT expression
   24           | expression . TOKEN_GEQ expression

    $default  reduce using rule 10 (expression)


state 23

   25 expression: TOKEN_LET TOKEN_IDENTIFIER . TOKEN_EQ expression TOKEN_IN expression

    TOKEN_EQ  shift, and go to state 45


state 24

   12 expression: expression . TOKEN_CONS expression
   13           | expression . TOKEN_PLUS expression
   14           | expression . TOKEN_MINUS expression
   15           | expression . TOKEN_TIMES expression
   16           | expression . TOKEN_DIVIDE expression
   17           | expression . TOKEN_AND expression
   18           | expression . TOKEN_OR expression
   19           | expression . TOKEN_EQ expression
   20           | expression . TOKEN_NEQ expression
   21           | expression . TOKEN_LT expression
   22           | expression . TOKEN_LEQ expression
   23           | expression . TOKEN_GT expression
   24           | expression . TOKEN_GEQ expression
   28           | TOKEN_LPAREN expression . TOKEN_RPAREN
   32 expression_application: expression . expression

    TOKEN_READSTRING  shift, and go to state 1
    TOKEN_READINT     shift, and go to state 2
    TOKEN_PRINT       shift, and go to state 3
    TOKEN_ISNIL       shift, and go to state 4
    TOKEN_HD          shift, and go to state 5
    TOKEN_TL          shift, and go to state 6
    TOKEN_CONS        shift, and go to state 32
    TOKEN_NIL         shift, and go to state 7
    TOKEN_LET         shift, and go to state 8
    TOKEN_PLUS        shift, and go to state 33
    TOKEN_MINUS       shift, and go to state 34
    TOKEN_IDENTIFIER  shift, and go to state 9
    TOKEN_TIMES       shift, and go to state 35
    TOKEN_DIVIDE      shift, and go to state 36
    TOKEN_INT         shift, and go to state 10
    TOKEN_LPAREN      shift, and go to state 11
    TOKEN_RPAREN      shift, and go to state 46
    TOKEN_AND         shift, and go to state 37
    TOKEN_OR          shift, and go to state 38
    TOKEN_EQ          shift, and go to state 39
    TOKEN_NEQ         shift, and go to state 40
    TOKEN_GT          shift, and go to state 41
    TOKEN_GEQ         shift, and go to state 42
    TOKEN_LT          shift, and go to state 43
    TOKEN_LEQ         shift, and go to state 44
    TOKEN_IF          shift, and go to state 12
    TOKEN_LAMBDA      shift, and go to state 13
    TOKEN_FUN         shift, and go to state 14
    TOKEN_STRING      shift, and go to state 15
    TOKEN_ERROR       shift, and go to state 16

    expression  go to state 47


state 25

   27 expression: TOKEN_LPAREN expression_application . TOKEN_RPAREN
   33 expression_application: expression_application . expression

    TOKEN_READSTRING  shift, and go to state 1
    TOKEN_READINT     shift, and go to state 2
    TOKEN_PRINT       shift, and go to state 3
    TOKEN_ISNIL       shift, and go to state 4
    TOKEN_HD          shift, and go to state 5
    TOKEN_TL          shift, and go to state 6
    TOKEN_NIL         shift, and go to state 7
    TOKEN_LET         shift, and go to state 8
    TOKEN_IDENTIFIER  shift, and go to state 9
    TOKEN_INT         shift, and go to state 10
    TOKEN_LPAREN      shift, and go to state 11
    TOKEN_RPAREN      shift, and go to state 48
    TOKEN_IF          shift, and go to state 12
    TOKEN_LAMBDA      shift, and go to state 13
    TOKEN_FUN         shift, and go to state 14
    TOKEN_STRING      shift, and go to state 15
    TOKEN_ERROR       shift, and go to state 16

    expression  go to state 49


state 26

   12 expression: expression . TOKEN_CONS expression
   13           | expression . TOKEN_PLUS expression
   14           | expression . TOKEN_MINUS expression
   15           | expression . TOKEN_TIMES expression
   16           | expression . TOKEN_DIVIDE expression
   17           | expression . TOKEN_AND expression
   18           | expression . TOKEN_OR expression
   19           | expression . TOKEN_EQ expression
   20           | expression . TOKEN_NEQ expression
   21           | expression . TOKEN_LT expression
   22           | expression . TOKEN_LEQ expression
   23           | expression . TOKEN_GT expression
   24           | expression . TOKEN_GEQ expression
   30           | TOKEN_IF expression . TOKEN_THEN expression TOKEN_ELSE expression

    TOKEN_CONS    shift, and go to state 32
    TOKEN_PLUS    shift, and go to state 33
    TOKEN_MINUS   shift, and go to state 34
    TOKEN_TIMES   shift, and go to state 35
    TOKEN_DIVIDE  shift, and go to state 36
    TOKEN_AND     shift, and go to state 37
    TOKEN_OR      shift, and go to state 38
    TOKEN_EQ      shift, and go to state 39
    TOKEN_NEQ     shift, and go to state 40
    TOKEN_GT      shift, and go to state 41
    TOKEN_GEQ     shift, and go to state 42
    TOKEN_LT      shift, and go to state 43
    TOKEN_LEQ     shift, and go to state 44
    TOKEN_THEN    shift, and go to state 50


state 27

   34 identifier: TOKEN_IDENTIFIER .

    $default  reduce using rule 34 (identifier)


state 28

   35 identifier_list: identifier .

    $default  reduce using rule 35 (identifier_list)


state 29

   26 expression: TOKEN_LAMBDA identifier_list . TOKEN_DOT expression
   36 identifier_list: identifier_list . TOKEN_COMMA identifier

    TOKEN_DOT    shift, and go to state 51
    TOKEN_COMMA  shift, and go to state 52


state 30

   29 expression: TOKEN_FUN identifier . TOKEN_WITH identifier_list TOKEN_EQ expression TOKEN_IN expression

    TOKEN_WITH  shift, and go to state 53


state 31

    0 $accept: program $end .

    $default  accept


state 32

   12 expression: expression TOKEN_CONS . expression

    TOKEN_READSTRING  shift, and go to state 1
    TOKEN_READINT     shift, and go to state 2
    TOKEN_PRINT       shift, and go to state 3
    TOKEN_ISNIL       shift, and go to state 4
    TOKEN_HD          shift, and go to state 5
    TOKEN_TL          shift, and go to state 6
    TOKEN_NIL         shift, and go to state 7
    TOKEN_LET         shift, and go to state 8
    TOKEN_IDENTIFIER  shift, and go to state 9
    TOKEN_INT         shift, and go to state 10
    TOKEN_LPAREN      shift, and go to state 11
    TOKEN_IF          shift, and go to state 12
    TOKEN_LAMBDA      shift, and go to state 13
    TOKEN_FUN         shift, and go to state 14
    TOKEN_STRING      shift, and go to state 15
    TOKEN_ERROR       shift, and go to state 16

    expression  go to state 54


state 33

   13 expression: expression TOKEN_PLUS . expression

    TOKEN_READSTRING  shift, and go to state 1
    TOKEN_READINT     shift, and go to state 2
    TOKEN_PRINT       shift, and go to state 3
    TOKEN_ISNIL       shift, and go to state 4
    TOKEN_HD          shift, and go to state 5
    TOKEN_TL          shift, and go to state 6
    TOKEN_NIL         shift, and go to state 7
    TOKEN_LET         shift, and go to state 8
    TOKEN_IDENTIFIER  shift, and go to state 9
    TOKEN_INT         shift, and go to state 10
    TOKEN_LPAREN      shift, and go to state 11
    TOKEN_IF          shift, and go to state 12
    TOKEN_LAMBDA      shift, and go to state 13
    TOKEN_FUN         shift, and go to state 14
    TOKEN_STRING      shift, and go to state 15
    TOKEN_ERROR       shift, and go to state 16

    expression  go to state 55


state 34

   14 expression: expression TOKEN_MINUS . expression

    TOKEN_READSTRING  shift, and go to state 1
    TOKEN_READINT     shift, and go to state 2
    TOKEN_PRINT       shift, and go to state 3
    TOKEN_ISNIL       shift, and go to state 4
    TOKEN_HD          shift, and go to state 5
    TOKEN_TL          shift, and go to state 6
    TOKEN_NIL         shift, and go to state 7
    TOKEN_LET         shift, and go to state 8
    TOKEN_IDENTIFIER  shift, and go to state 9
    TOKEN_INT         shift, and go to state 10
    TOKEN_LPAREN      shift, and go to state 11
    TOKEN_IF          shift, and go to state 12
    TOKEN_LAMBDA      shift, and go to state 13
    TOKEN_FUN         shift, and go to state 14
    TOKEN_STRING      shift, and go to state 15
    TOKEN_ERROR       shift, and go to state 16

    expression  go to state 56


state 35

   15 expression: expression TOKEN_TIMES . expression

    TOKEN_READSTRING  shift, and go to state 1
    TOKEN_READINT     shift, and go to state 2
    TOKEN_PRINT       shift, and go to state 3
    TOKEN_ISNIL       shift, and go to state 4
    TOKEN_HD          shift, and go to state 5
    TOKEN_TL          shift, and go to state 6
    TOKEN_NIL         shift, and go to state 7
    TOKEN_LET         shift, and go to state 8
    TOKEN_IDENTIFIER  shift, and go to state 9
    TOKEN_INT         shift, and go to state 10
    TOKEN_LPAREN      shift, and go to state 11
    TOKEN_IF          shift, and go to state 12
    TOKEN_LAMBDA      shift, and go to state 13
    TOKEN_FUN         shift, and go to state 14
    TOKEN_STRING      shift, and go to state 15
    TOKEN_ERROR       shift, and go to state 16

    expression  go to state 57


state 36

   16 expression: expression TOKEN_DIVIDE . expression

    TOKEN_READSTRING  shift, and go to state 1
    TOKEN_READINT     shift, and go to state 2
    TOKEN_PRINT       shift, and go to state 3
    TOKEN_ISNIL       shift, and go to state 4
    TOKEN_HD          shift, and go to state 5
    TOKEN_TL          shift, and go to state 6
    TOKEN_NIL         shift, and go to state 7
    TOKEN_LET         shift, and go to state 8
    TOKEN_IDENTIFIER  shift, and go to state 9
    TOKEN_INT         shift, and go to state 10
    TOKEN_LPAREN      shift, and go to state 11
    TOKEN_IF          shift, and go to state 12
    TOKEN_LAMBDA      shift, and go to state 13
    TOKEN_FUN         shift, and go to state 14
    TOKEN_STRING      shift, and go to state 15
    TOKEN_ERROR       shift, and go to state 16

    expression  go to state 58


state 37

   17 expression: expression TOKEN_AND . expression

    TOKEN_READSTRING  shift, and go to state 1
    TOKEN_READINT     shift, and go to state 2
    TOKEN_PRINT       shift, and go to state 3
    TOKEN_ISNIL       shift, and go to state 4
    TOKEN_HD          shift, and go to state 5
    TOKEN_TL          shift, and go to state 6
    TOKEN_NIL         shift, and go to state 7
    TOKEN_LET         shift, and go to state 8
    TOKEN_IDENTIFIER  shift, and go to state 9
    TOKEN_INT         shift, and go to state 10
    TOKEN_LPAREN      shift, and go to state 11
    TOKEN_IF          shift, and go to state 12
    TOKEN_LAMBDA      shift, and go to state 13
    TOKEN_FUN         shift, and go to state 14
    TOKEN_STRING      shift, and go to state 15
    TOKEN_ERROR       shift, and go to state 16

    expression  go to state 59


state 38

   18 expression: expression TOKEN_OR . expression

    TOKEN_READSTRING  shift, and go to state 1
    TOKEN_READINT     shift, and go to state 2
    TOKEN_PRINT       shift, and go to state 3
    TOKEN_ISNIL       shift, and go to state 4
    TOKEN_HD          shift, and go to state 5
    TOKEN_TL          shift, and go to state 6
    TOKEN_NIL         shift, and go to state 7
    TOKEN_LET         shift, and go to state 8
    TOKEN_IDENTIFIER  shift, and go to state 9
    TOKEN_INT         shift, and go to state 10
    TOKEN_LPAREN      shift, and go to state 11
    TOKEN_IF          shift, and go to state 12
    TOKEN_LAMBDA      shift, and go to state 13
    TOKEN_FUN         shift, and go to state 14
    TOKEN_STRING      shift, and go to state 15
    TOKEN_ERROR       shift, and go to state 16

    expression  go to state 60


state 39

   19 expression: expression TOKEN_EQ . expression

    TOKEN_READSTRING  shift, and go to state 1
    TOKEN_READINT     shift, and go to state 2
    TOKEN_PRINT       shift, and go to state 3
    TOKEN_ISNIL       shift, and go to state 4
    TOKEN_HD          shift, and go to state 5
    TOKEN_TL          shift, and go to state 6
    TOKEN_NIL         shift, and go to state 7
    TOKEN_LET         shift, and go to state 8
    TOKEN_IDENTIFIER  shift, and go to state 9
    TOKEN_INT         shift, and go to state 10
    TOKEN_LPAREN      shift, and go to state 11
    TOKEN_IF          shift, and go to state 12
    TOKEN_LAMBDA      shift, and go to state 13
    TOKEN_FUN         shift, and go to state 14
    TOKEN_STRING      shift, and go to state 15
    TOKEN_ERROR       shift, and go to state 16

    expression  go to state 61


state 40

   20 expression: expression TOKEN_NEQ . expression

    TOKEN_READSTRING  shift, and go to state 1
    TOKEN_READINT     shift, and go to state 2
    TOKEN_PRINT       shift, and go to state 3
    TOKEN_ISNIL       shift, and go to state 4
    TOKEN_HD          shift, and go to state 5
    TOKEN_TL          shift, and go to state 6
    TOKEN_NIL         shift, and go to state 7
    TOKEN_LET         shift, and go to state 8
    TOKEN_IDENTIFIER  shift, and go to state 9
    TOKEN_INT         shift, and go to state 10
    TOKEN_LPAREN      shift, and go to state 11
    TOKEN_IF          shift, and go to state 12
    TOKEN_LAMBDA      shift, and go to state 13
    TOKEN_FUN         shift, and go to state 14
    TOKEN_STRING      shift, and go to state 15
    TOKEN_ERROR       shift, and go to state 16

    expression  go to state 62


state 41

   23 expression: expression TOKEN_GT . expression

    TOKEN_READSTRING  shift, and go to state 1
    TOKEN_READINT     shift, and go to state 2
    TOKEN_PRINT       shift, and go to state 3
    TOKEN_ISNIL       shift, and go to state 4
    TOKEN_HD          shift, and go to state 5
    TOKEN_TL          shift, and go to state 6
    TOKEN_NIL         shift, and go to state 7
    TOKEN_LET         shift, and go to state 8
    TOKEN_IDENTIFIER  shift, and go to state 9
    TOKEN_INT         shift, and go to state 10
    TOKEN_LPAREN      shift, and go to state 11
    TOKEN_IF          shift, and go to state 12
    TOKEN_LAMBDA      shift, and go to state 13
    TOKEN_FUN         shift, and go to state 14
    TOKEN_STRING      shift, and go to state 15
    TOKEN_ERROR       shift, and go to state 16

    expression  go to state 63


state 42

   24 expression: expression TOKEN_GEQ . expression

    TOKEN_READSTRING  shift, and go to state 1
    TOKEN_READINT     shift, and go to state 2
    TOKEN_PRINT       shift, and go to state 3
    TOKEN_ISNIL       shift, and go to state 4
    TOKEN_HD          shift, and go to state 5
    TOKEN_TL          shift, and go to state 6
    TOKEN_NIL         shift, and go to state 7
    TOKEN_LET         shift, and go to state 8
    TOKEN_IDENTIFIER  shift, and go to state 9
    TOKEN_INT         shift, and go to state 10
    TOKEN_LPAREN      shift, and go to state 11
    TOKEN_IF          shift, and go to state 12
    TOKEN_LAMBDA      shift, and go to state 13
    TOKEN_FUN         shift, and go to state 14
    TOKEN_STRING      shift, and go to state 15
    TOKEN_ERROR       shift, and go to state 16

    expression  go to state 64


state 43

   21 expression: expression TOKEN_LT . expression

    TOKEN_READSTRING  shift, and go to state 1
    TOKEN_READINT     shift, and go to state 2
    TOKEN_PRINT       shift, and go to state 3
    TOKEN_ISNIL       shift, and go to state 4
    TOKEN_HD          shift, and go to state 5
    TOKEN_TL          shift, and go to state 6
    TOKEN_NIL         shift, and go to state 7
    TOKEN_LET         shift, and go to state 8
    TOKEN_IDENTIFIER  shift, and go to state 9
    TOKEN_INT         shift, and go to state 10
    TOKEN_LPAREN      shift, and go to state 11
    TOKEN_IF          shift, and go to state 12
    TOKEN_LAMBDA      shift, and go to state 13
    TOKEN_FUN         shift, and go to state 14
    TOKEN_STRING      shift, and go to state 15
    TOKEN_ERROR       shift, and go to state 16

    expression  go to state 65


state 44

   22 expression: expression TOKEN_LEQ . expression

    TOKEN_READSTRING  shift, and go to state 1
    TOKEN_READINT     shift, and go to state 2
    TOKEN_PRINT       shift, and go to state 3
    TOKEN_ISNIL       shift, and go to state 4
    TOKEN_HD          shift, and go to state 5
    TOKEN_TL          shift, and go to state 6
    TOKEN_NIL         shift, and go to state 7
    TOKEN_LET         shift, and go to state 8
    TOKEN_IDENTIFIER  shift, and go to state 9
    TOKEN_INT         shift, and go to state 10
    TOKEN_LPAREN      shift, and go to state 11
    TOKEN_IF          shift, and go to state 12
    TOKEN_LAMBDA      shift, and go to state 13
    TOKEN_FUN         shift, and go to state 14
    TOKEN_STRING      shift, and go to state 15
    TOKEN_ERROR       shift, and go to state 16

    expression  go to state 66


state 45

   25 expression: TOKEN_LET TOKEN_IDENTIFIER TOKEN_EQ . expression TOKEN_IN expression

    TOKEN_READSTRING  shift, and go to state 1
    TOKEN_READINT     shift, and go to state 2
    TOKEN_PRINT       shift, and go to state 3
    TOKEN_ISNIL       shift, and go to state 4
    TOKEN_HD          shift, and go to state 5
    TOKEN_TL          shift, and go to state 6
    TOKEN_NIL         shift, and go to state 7
    TOKEN_LET         shift, and go to state 8
    TOKEN_IDENTIFIER  shift, and go to state 9
    TOKEN_INT         shift, and go to state 10
    TOKEN_LPAREN      shift, and go to state 11
    TOKEN_IF          shift, and go to state 12
    TOKEN_LAMBDA      shift, and go to state 13
    TOKEN_FUN         shift, and go to state 14
    TOKEN_STRING      shift, and go to state 15
    TOKEN_ERROR       shift, and go to state 16

    expression  go to state 67


state 46

   28 expression: TOKEN_LPAREN expression TOKEN_RPAREN .

    $default  reduce using rule 28 (expression)


state 47

   12 expression: expression . TOKEN_CONS expression
   13           | expression . TOKEN_PLUS expression
   14           | expression . TOKEN_MINUS expression
   15           | expression . TOKEN_TIMES expression
   16           | expression . TOKEN_DIVIDE expression
   17           | expression . TOKEN_AND expression
   18           | expression . TOKEN_OR expression
   19           | expression . TOKEN_EQ expression
   20           | expression . TOKEN_NEQ expression
   21           | expression . TOKEN_LT expression
   22           | expression . TOKEN_LEQ expression
   23           | expression . TOKEN_GT expression
   24           | expression . TOKEN_GEQ expression
   32 expression_application: expression expression .

    TOKEN_CONS    shift, and go to state 32
    TOKEN_PLUS    shift, and go to state 33
    TOKEN_MINUS   shift, and go to state 34
    TOKEN_TIMES   shift, and go to state 35
    TOKEN_DIVIDE  shift, and go to state 36
    TOKEN_AND     shift, and go to state 37
    TOKEN_OR      shift, and go to state 38
    TOKEN_EQ      shift, and go to state 39
    TOKEN_NEQ     shift, and go to state 40
    TOKEN_GT      shift, and go to state 41
    TOKEN_GEQ     shift, and go to state 42
    TOKEN_LT      shift, and go to state 43
    TOKEN_LEQ     shift, and go to state 44

    $default  reduce using rule 32 (expression_application)


state 48

   27 expression: TOKEN_LPAREN expression_application TOKEN_RPAREN .

    $default  reduce using rule 27 (expression)


state 49

   12 expression: expression . TOKEN_CONS expression
   13           | expression . TOKEN_PLUS expression
   14           | expression . TOKEN_MINUS expression
   15           | expression . TOKEN_TIMES expression
   16           | expression . TOKEN_DIVIDE expression
   17           | expression . TOKEN_AND expression
   18           | expression . TOKEN_OR expression
   19           | expression . TOKEN_EQ expression
   20           | expression . TOKEN_NEQ expression
   21           | expression . TOKEN_LT expression
   22           | expression . TOKEN_LEQ expression
   23           | expression . TOKEN_GT expression
   24           | expression . TOKEN_GEQ expression
   33 expression_application: expression_application expression .

    TOKEN_CONS    shift, and go to state 32
    TOKEN_PLUS    shift, and go to state 33
    TOKEN_MINUS   shift, and go to state 34
    TOKEN_TIMES   shift, and go to state 35
    TOKEN_DIVIDE  shift, and go to state 36
    TOKEN_AND     shift, and go to state 37
    TOKEN_OR      shift, and go to state 38
    TOKEN_EQ      shift, and go to state 39
    TOKEN_NEQ     shift, and go to state 40
    TOKEN_GT      shift, and go to state 41
    TOKEN_GEQ     shift, and go to state 42
    TOKEN_LT      shift, and go to state 43
    TOKEN_LEQ     shift, and go to state 44

    $default  reduce using rule 33 (expression_application)


state 50

   30 expression: TOKEN_IF expression TOKEN_THEN . expression TOKEN_ELSE expression

    TOKEN_READSTRING  shift, and go to state 1
    TOKEN_READINT     shift, and go to state 2
    TOKEN_PRINT       shift, and go to state 3
    TOKEN_ISNIL       shift, and go to state 4
    TOKEN_HD          shift, and go to state 5
    TOKEN_TL          shift, and go to state 6
    TOKEN_NIL         shift, and go to state 7
    TOKEN_LET         shift, and go to state 8
    TOKEN_IDENTIFIER  shift, and go to state 9
    TOKEN_INT         shift, and go to state 10
    TOKEN_LPAREN      shift, and go to state 11
    TOKEN_IF          shift, and go to state 12
    TOKEN_LAMBDA      shift, and go to state 13
    TOKEN_FUN         shift, and go to state 14
    TOKEN_STRING      shift, and go to state 15
    TOKEN_ERROR       shift, and go to state 16

    expression  go to state 68


state 51

   26 expression: TOKEN_LAMBDA identifier_list TOKEN_DOT . expression

    TOKEN_READSTRING  shift, and go to state 1
    TOKEN_READINT     shift, and go to state 2
    TOKEN_PRINT       shift, and go to state 3
    TOKEN_ISNIL       shift, and go to state 4
    TOKEN_HD          shift, and go to state 5
    TOKEN_TL          shift, and go to state 6
    TOKEN_NIL         shift, and go to state 7
    TOKEN_LET         shift, and go to state 8
    TOKEN_IDENTIFIER  shift, and go to state 9
    TOKEN_INT         shift, and go to state 10
    TOKEN_LPAREN      shift, and go to state 11
    TOKEN_IF          shift, and go to state 12
    TOKEN_LAMBDA      shift, and go to state 13
    TOKEN_FUN         shift, and go to state 14
    TOKEN_STRING      shift, and go to state 15
    TOKEN_ERROR       shift, and go to state 16

    expression  go to state 69


state 52

   36 identifier_list: identifier_list TOKEN_COMMA . identifier

    TOKEN_IDENTIFIER  shift, and go to state 27

    identifier  go to state 70


state 53

   29 expression: TOKEN_FUN identifier TOKEN_WITH . identifier_list TOKEN_EQ expression TOKEN_IN expression

    TOKEN_IDENTIFIER  shift, and go to state 27

    identifier       go to state 28
    identifier_list  go to state 71


state 54

   12 expression: expression . TOKEN_CONS expression
   12           | expression TOKEN_CONS expression .
   13           | expression . TOKEN_PLUS expression
   14           | expression . TOKEN_MINUS expression
   15           | expression . TOKEN_TIMES expression
   16           | expression . TOKEN_DIVIDE expression
   17           | expression . TOKEN_AND expression
   18           | expression . TOKEN_OR expression
   19           | expression . TOKEN_EQ expression
   20           | expression . TOKEN_NEQ expression
   21           | expression . TOKEN_LT expression
   22           | expression . TOKEN_LEQ expression
   23           | expression . TOKEN_GT expression
   24           | expression . TOKEN_GEQ expression

    TOKEN_CONS  shift, and go to state 32

    $default  reduce using rule 12 (expression)


state 55

   12 expression: expression . TOKEN_CONS expression
   13           | expression . TOKEN_PLUS expression
   13           | expression TOKEN_PLUS expression .
   14           | expression . TOKEN_MINUS expression
   15           | expression . TOKEN_TIMES expression
   16           | expression . TOKEN_DIVIDE expression
   17           | expression . TOKEN_AND expression
   18           | expression . TOKEN_OR expression
   19           | expression . TOKEN_EQ expression
   20           | expression . TOKEN_NEQ expression
   21           | expression . TOKEN_LT expression
   22           | expression . TOKEN_LEQ expression
   23           | expression . TOKEN_GT expression
   24           | expression . TOKEN_GEQ expression

    TOKEN_CONS    shift, and go to state 32
    TOKEN_TIMES   shift, and go to state 35
    TOKEN_DIVIDE  shift, and go to state 36

    $default  reduce using rule 13 (expression)


state 56

   12 expression: expression . TOKEN_CONS expression
   13           | expression . TOKEN_PLUS expression
   14           | expression . TOKEN_MINUS expression
   14           | expression TOKEN_MINUS expression .
   15           | expression . TOKEN_TIMES expression
   16           | expression . TOKEN_DIVIDE expression
   17           | expression . TOKEN_AND expression
   18           | expression . TOKEN_OR expression
   19           | expression . TOKEN_EQ expression
   20           | expression . TOKEN_NEQ expression
   21           | expression . TOKEN_LT expression
   22           | expression . TOKEN_LEQ expression
   23           | expression . TOKEN_GT expression
   24           | expression . TOKEN_GEQ expression

    TOKEN_CONS    shift, and go to state 32
    TOKEN_TIMES   shift, and go to state 35
    TOKEN_DIVIDE  shift, and go to state 36

    $default  reduce using rule 14 (expression)


state 57

   12 expression: expression . TOKEN_CONS expression
   13           | expression . TOKEN_PLUS expression
   14           | expression . TOKEN_MINUS expression
   15           | expression . TOKEN_TIMES expression
   15           | expression TOKEN_TIMES expression .
   16           | expression . TOKEN_DIVIDE expression
   17           | expression . TOKEN_AND expression
   18           | expression . TOKEN_OR expression
   19           | expression . TOKEN_EQ expression
   20           | expression . TOKEN_NEQ expression
   21           | expression . TOKEN_LT expression
   22           | expression . TOKEN_LEQ expression
   23           | expression . TOKEN_GT expression
   24           | expression . TOKEN_GEQ expression

    TOKEN_CONS  shift, and go to state 32

    $default  reduce using rule 15 (expression)


state 58

   12 expression: expression . TOKEN_CONS expression
   13           | expression . TOKEN_PLUS expression
   14           | expression . TOKEN_MINUS expression
   15           | expression . TOKEN_TIMES expression
   16           | expression . TOKEN_DIVIDE expression
   16           | expression TOKEN_DIVIDE expression .
   17           | expression . TOKEN_AND expression
   18           | expression . TOKEN_OR expression
   19           | expression . TOKEN_EQ expression
   20           | expression . TOKEN_NEQ expression
   21           | expression . TOKEN_LT expression
   22           | expression . TOKEN_LEQ expression
   23           | expression . TOKEN_GT expression
   24           | expression . TOKEN_GEQ expression

    TOKEN_CONS  shift, and go to state 32

    $default  reduce using rule 16 (expression)


state 59

   12 expression: expression . TOKEN_CONS expression
   13           | expression . TOKEN_PLUS expression
   14           | expression . TOKEN_MINUS expression
   15           | expression . TOKEN_TIMES expression
   16           | expression . TOKEN_DIVIDE expression
   17           | expression . TOKEN_AND expression
   17           | expression TOKEN_AND expression .
   18           | expression . TOKEN_OR expression
   19           | expression . TOKEN_EQ expression
   20           | expression . TOKEN_NEQ expression
   21           | expression . TOKEN_LT expression
   22           | expression . TOKEN_LEQ expression
   23           | expression . TOKEN_GT expression
   24           | expression . TOKEN_GEQ expression

    TOKEN_CONS    shift, and go to state 32
    TOKEN_PLUS    shift, and go to state 33
    TOKEN_MINUS   shift, and go to state 34
    TOKEN_TIMES   shift, and go to state 35
    TOKEN_DIVIDE  shift, and go to state 36

    $default  reduce using rule 17 (expression)


state 60

   12 expression: expression . TOKEN_CONS expression
   13           | expression . TOKEN_PLUS expression
   14           | expression . TOKEN_MINUS expression
   15           | expression . TOKEN_TIMES expression
   16           | expression . TOKEN_DIVIDE expression
   17           | expression . TOKEN_AND expression
   18           | expression . TOKEN_OR expression
   18           | expression TOKEN_OR expression .
   19           | expression . TOKEN_EQ expression
   20           | expression . TOKEN_NEQ expression
   21           | expression . TOKEN_LT expression
   22           | expression . TOKEN_LEQ expression
   23           | expression . TOKEN_GT expression
   24           | expression . TOKEN_GEQ expression

    TOKEN_CONS    shift, and go to state 32
    TOKEN_PLUS    shift, and go to state 33
    TOKEN_MINUS   shift, and go to state 34
    TOKEN_TIMES   shift, and go to state 35
    TOKEN_DIVIDE  shift, and go to state 36

    $default  reduce using rule 18 (expression)


state 61

   12 expression: expression . TOKEN_CONS expression
   13           | expression . TOKEN_PLUS expression
   14           | expression . TOKEN_MINUS expression
   15           | expression . TOKEN_TIMES expression
   16           | expression . TOKEN_DIVIDE expression
   17           | expression . TOKEN_AND expression
   18           | expression . TOKEN_OR expression
   19           | expression . TOKEN_EQ expression
   19           | expression TOKEN_EQ expression .
   20           | expression . TOKEN_NEQ expression
   21           | expression . TOKEN_LT expression
   22           | expression . TOKEN_LEQ expression
   23           | expression . TOKEN_GT expression
   24           | expression . TOKEN_GEQ expression

    TOKEN_CONS    shift, and go to state 32
    TOKEN_PLUS    shift, and go to state 33
    TOKEN_MINUS   shift, and go to state 34
    TOKEN_TIMES   shift, and go to state 35
    TOKEN_DIVIDE  shift, and go to state 36
    TOKEN_AND     shift, and go to state 37
    TOKEN_OR      shift, and go to state 38

    $default  reduce using rule 19 (expression)


state 62

   12 expression: expression . TOKEN_CONS expression
   13           | expression . TOKEN_PLUS expression
   14           | expression . TOKEN_MINUS expression
   15           | expression . TOKEN_TIMES expression
   16           | expression . TOKEN_DIVIDE expression
   17           | expression . TOKEN_AND expression
   18           | expression . TOKEN_OR expression
   19           | expression . TOKEN_EQ expression
   20           | expression . TOKEN_NEQ expression
   20           | expression TOKEN_NEQ expression .
   21           | expression . TOKEN_LT expression
   22           | expression . TOKEN_LEQ expression
   23           | expression . TOKEN_GT expression
   24           | expression . TOKEN_GEQ expression

    TOKEN_CONS    shift, and go to state 32
    TOKEN_PLUS    shift, and go to state 33
    TOKEN_MINUS   shift, and go to state 34
    TOKEN_TIMES   shift, and go to state 35
    TOKEN_DIVIDE  shift, and go to state 36
    TOKEN_AND     shift, and go to state 37
    TOKEN_OR      shift, and go to state 38

    $default  reduce using rule 20 (expression)


state 63

   12 expression: expression . TOKEN_CONS expression
   13           | expression . TOKEN_PLUS expression
   14           | expression . TOKEN_MINUS expression
   15           | expression . TOKEN_TIMES expression
   16           | expression . TOKEN_DIVIDE expression
   17           | expression . TOKEN_AND expression
   18           | expression . TOKEN_OR expression
   19           | expression . TOKEN_EQ expression
   20           | expression . TOKEN_NEQ expression
   21           | expression . TOKEN_LT expression
   22           | expression . TOKEN_LEQ expression
   23           | expression . TOKEN_GT expression
   23           | expression TOKEN_GT expression .
   24           | expression . TOKEN_GEQ expression

    TOKEN_CONS    shift, and go to state 32
    TOKEN_PLUS    shift, and go to state 33
    TOKEN_MINUS   shift, and go to state 34
    TOKEN_TIMES   shift, and go to state 35
    TOKEN_DIVIDE  shift, and go to state 36
    TOKEN_AND     shift, and go to state 37
    TOKEN_OR      shift, and go to state 38

    $default  reduce using rule 23 (expression)


state 64

   12 expression: expression . TOKEN_CONS expression
   13           | expression . TOKEN_PLUS expression
   14           | expression . TOKEN_MINUS expression
   15           | expression . TOKEN_TIMES expression
   16           | expression . TOKEN_DIVIDE expression
   17           | expression . TOKEN_AND expression
   18           | expression . TOKEN_OR expression
   19           | expression . TOKEN_EQ expression
   20           | expression . TOKEN_NEQ expression
   21           | expression . TOKEN_LT expression
   22           | expression . TOKEN_LEQ expression
   23           | expression . TOKEN_GT expression
   24           | expression . TOKEN_GEQ expression
   24           | expression TOKEN_GEQ expression .

    TOKEN_CONS    shift, and go to state 32
    TOKEN_PLUS    shift, and go to state 33
    TOKEN_MINUS   shift, and go to state 34
    TOKEN_TIMES   shift, and go to state 35
    TOKEN_DIVIDE  shift, and go to state 36
    TOKEN_AND     shift, and go to state 37
    TOKEN_OR      shift, and go to state 38

    $default  reduce using rule 24 (expression)


state 65

   12 expression: expression . TOKEN_CONS expression
   13           | expression . TOKEN_PLUS expression
   14           | expression . TOKEN_MINUS expression
   15           | expression . TOKEN_TIMES expression
   16           | expression . TOKEN_DIVIDE expression
   17           | expression . TOKEN_AND expression
   18           | expression . TOKEN_OR expression
   19           | expression . TOKEN_EQ expression
   20           | expression . TOKEN_NEQ expression
   21           | expression . TOKEN_LT expression
   21           | expression TOKEN_LT expression .
   22           | expression . TOKEN_LEQ expression
   23           | expression . TOKEN_GT expression
   24           | expression . TOKEN_GEQ expression

    TOKEN_CONS    shift, and go to state 32
    TOKEN_PLUS    shift, and go to state 33
    TOKEN_MINUS   shift, and go to state 34
    TOKEN_TIMES   shift, and go to state 35
    TOKEN_DIVIDE  shift, and go to state 36
    TOKEN_AND     shift, and go to state 37
    TOKEN_OR      shift, and go to state 38

    $default  reduce using rule 21 (expression)


state 66

   12 expression: expression . TOKEN_CONS expression
   13           | expression . TOKEN_PLUS expression
   14           | expression . TOKEN_MINUS expression
   15           | expression . TOKEN_TIMES expression
   16           | expression . TOKEN_DIVIDE expression
   17           | expression . TOKEN_AND expression
   18           | expression . TOKEN_OR expression
   19           | expression . TOKEN_EQ expression
   20           | expression . TOKEN_NEQ expression
   21           | expression . TOKEN_LT expression
   22           | expression . TOKEN_LEQ expression
   22           | expression TOKEN_LEQ expression .
   23           | expression . TOKEN_GT expression
   24           | expression . TOKEN_GEQ expression

    TOKEN_CONS    shift, and go to state 32
    TOKEN_PLUS    shift, and go to state 33
    TOKEN_MINUS   shift, and go to state 34
    TOKEN_TIMES   shift, and go to state 35
    TOKEN_DIVIDE  shift, and go to state 36
    TOKEN_AND     shift, and go to state 37
    TOKEN_OR      shift, and go to state 38

    $default  reduce using rule 22 (expression)


state 67

   12 expression: expression . TOKEN_CONS expression
   13           | expression . TOKEN_PLUS expression
   14           | expression . TOKEN_MINUS expression
   15           | expression . TOKEN_TIMES expression
   16           | expression . TOKEN_DIVIDE expression
   17           | expression . TOKEN_AND expression
   18           | expression . TOKEN_OR expression
   19           | expression . TOKEN_EQ expression
   20           | expression . TOKEN_NEQ expression
   21           | expression . TOKEN_LT expression
   22           | expression . TOKEN_LEQ expression
   23           | expression . TOKEN_GT expression
   24           | expression . TOKEN_GEQ expression
   25           | TOKEN_LET TOKEN_IDENTIFIER TOKEN_EQ expression . TOKEN_IN expression

    TOKEN_CONS    shift, and go to state 32
    TOKEN_PLUS    shift, and go to state 33
    TOKEN_MINUS   shift, and go to state 34
    TOKEN_TIMES   shift, and go to state 35
    TOKEN_DIVIDE  shift, and go to state 36
    TOKEN_AND     shift, and go to state 37
    TOKEN_OR      shift, and go to state 38
    TOKEN_EQ      shift, and go to state 39
    TOKEN_NEQ     shift, and go to state 40
    TOKEN_GT      shift, and go to state 41
    TOKEN_GEQ     shift, and go to state 42
    TOKEN_LT      shift, and go to state 43
    TOKEN_LEQ     shift, and go to state 44
    TOKEN_IN      shift, and go to state 72


state 68

   12 expression: expression . TOKEN_CONS expression
   13           | expression . TOKEN_PLUS expression
   14           | expression . TOKEN_MINUS expression
   15           | expression . TOKEN_TIMES expression
   16           | expression . TOKEN_DIVIDE expression
   17           | expression . TOKEN_AND expression
   18           | expression . TOKEN_OR expression
   19           | expression . TOKEN_EQ expression
   20           | expression . TOKEN_NEQ expression
   21           | expression . TOKEN_LT expression
   22           | expression . TOKEN_LEQ expression
   23           | expression . TOKEN_GT expression
   24           | expression . TOKEN_GEQ expression
   30           | TOKEN_IF expression TOKEN_THEN expression . TOKEN_ELSE expression

    TOKEN_CONS    shift, and go to state 32
    TOKEN_PLUS    shift, and go to state 33
    TOKEN_MINUS   shift, and go to state 34
    TOKEN_TIMES   shift, and go to state 35
    TOKEN_DIVIDE  shift, and go to state 36
    TOKEN_AND     shift, and go to state 37
    TOKEN_OR      shift, and go to state 38
    TOKEN_EQ      shift, and go to state 39
    TOKEN_NEQ     shift, and go to state 40
    TOKEN_GT      shift, and go to state 41
    TOKEN_GEQ     shift, and go to state 42
    TOKEN_LT      shift, and go to state 43
    TOKEN_LEQ     shift, and go to state 44
    TOKEN_ELSE    shift, and go to state 73


state 69

   12 expression: expression . TOKEN_CONS expression
   13           | expression . TOKEN_PLUS expression
   14           | expression . TOKEN_MINUS expression
   15           | expression . TOKEN_TIMES expression
   16           | expression . TOKEN_DIVIDE expression
   17           | expression . TOKEN_AND expression
   18           | expression . TOKEN_OR expression
   19           | expression . TOKEN_EQ expression
   20           | expression . TOKEN_NEQ expression
   21           | expression . TOKEN_LT expression
   22           | expression . TOKEN_LEQ expression
   23           | expression . TOKEN_GT expression
   24           | expression . TOKEN_GEQ expression
   26           | TOKEN_LAMBDA identifier_list TOKEN_DOT expression .

    TOKEN_CONS    shift, and go to state 32
    TOKEN_PLUS    shift, and go to state 33
    TOKEN_MINUS   shift, and go to state 34
    TOKEN_TIMES   shift, and go to state 35
    TOKEN_DIVIDE  shift, and go to state 36
    TOKEN_AND     shift, and go to state 37
    TOKEN_OR      shift, and go to state 38
    TOKEN_EQ      shift, and go to state 39
    TOKEN_NEQ     shift, and go to state 40
    TOKEN_GT      shift, and go to state 41
    TOKEN_GEQ     shift, and go to state 42
    TOKEN_LT      shift, and go to state 43
    TOKEN_LEQ     shift, and go to state 44

    $default  reduce using rule 26 (expression)


state 70

   36 identifier_list: identifier_list TOKEN_COMMA identifier .

    $default  reduce using rule 36 (identifier_list)


state 71

   29 expression: TOKEN_FUN identifier TOKEN_WITH identifier_list . TOKEN_EQ expression TOKEN_IN expression
   36 identifier_list: identifier_list . TOKEN_COMMA identifier

    TOKEN_EQ     shift, and go to state 74
    TOKEN_COMMA  shift, and go to state 52


state 72

   25 expression: TOKEN_LET TOKEN_IDENTIFIER TOKEN_EQ expression TOKEN_IN . expression

    TOKEN_READSTRING  shift, and go to state 1
    TOKEN_READINT     shift, and go to state 2
    TOKEN_PRINT       shift, and go to state 3
    TOKEN_ISNIL       shift, and go to state 4
    TOKEN_HD          shift, and go to state 5
    TOKEN_TL          shift, and go to state 6
    TOKEN_NIL         shift, and go to state 7
    TOKEN_LET         shift, and go to state 8
    TOKEN_IDENTIFIER  shift, and go to state 9
    TOKEN_INT         shift, and go to state 10
    TOKEN_LPAREN      shift, and go to state 11
    TOKEN_IF          shift, and go to state 12
    TOKEN_LAMBDA      shift, and go to state 13
    TOKEN_FUN         shift, and go to state 14
    TOKEN_STRING      shift, and go to state 15
    TOKEN_ERROR       shift, and go to state 16

    expression  go to state 75


state 73

   30 expression: TOKEN_IF expression TOKEN_THEN expression TOKEN_ELSE . expression

    TOKEN_READSTRING  shift, and go to state 1
    TOKEN_READINT     shift, and go to state 2
    TOKEN_PRINT       shift, and go to state 3
    TOKEN_ISNIL       shift, and go to state 4
    TOKEN_HD          shift, and go to state 5
    TOKEN_TL          shift, and go to state 6
    TOKEN_NIL         shift, and go to state 7
    TOKEN_LET         shift, and go to state 8
    TOKEN_IDENTIFIER  shift, and go to state 9
    TOKEN_INT         shift, and go to state 10
    TOKEN_LPAREN      shift, and go to state 11
    TOKEN_IF          shift, and go to state 12
    TOKEN_LAMBDA      shift, and go to state 13
    TOKEN_FUN         shift, and go to state 14
    TOKEN_STRING      shift, and go to state 15
    TOKEN_ERROR       shift, and go to state 16

    expression  go to state 76


state 74

   29 expression: TOKEN_FUN identifier TOKEN_WITH identifier_list TOKEN_EQ . expression TOKEN_IN expression

    TOKEN_READSTRING  shift, and go to state 1
    TOKEN_READINT     shift, and go to state 2
    TOKEN_PRINT       shift, and go to state 3
    TOKEN_ISNIL       shift, and go to state 4
    TOKEN_HD          shift, and go to state 5
    TOKEN_TL          shift, and go to state 6
    TOKEN_NIL         shift, and go to state 7
    TOKEN_LET         shift, and go to state 8
    TOKEN_IDENTIFIER  shift, and go to state 9
    TOKEN_INT         shift, and go to state 10
    TOKEN_LPAREN      shift, and go to state 11
    TOKEN_IF          shift, and go to state 12
    TOKEN_LAMBDA      shift, and go to state 13
    TOKEN_FUN         shift, and go to state 14
    TOKEN_STRING      shift, and go to state 15
    TOKEN_ERROR       shift, and go to state 16

    expression  go to state 77


state 75

   12 expression: expression . TOKEN_CONS expression
   13           | expression . TOKEN_PLUS expression
   14           | expression . TOKEN_MINUS expression
   15           | expression . TOKEN_TIMES expression
   16           | expression . TOKEN_DIVIDE expression
   17           | expression . TOKEN_AND expression
   18           | expression . TOKEN_OR expression
   19           | expression . TOKEN_EQ expression
   20           | expression . TOKEN_NEQ expression
   21           | expression . TOKEN_LT expression
   22           | expression . TOKEN_LEQ expression
   23           | expression . TOKEN_GT expression
   24           | expression . TOKEN_GEQ expression
   25           | TOKEN_LET TOKEN_IDENTIFIER TOKEN_EQ expression TOKEN_IN expression .

    TOKEN_CONS    shift, and go to state 32
    TOKEN_PLUS    shift, and go to state 33
    TOKEN_MINUS   shift, and go to state 34
    TOKEN_TIMES   shift, and go to state 35
    TOKEN_DIVIDE  shift, and go to state 36
    TOKEN_AND     shift, and go to state 37
    TOKEN_OR      shift, and go to state 38
    TOKEN_EQ      shift, and go to state 39
    TOKEN_NEQ     shift, and go to state 40
    TOKEN_GT      shift, and go to state 41
    TOKEN_GEQ     shift, and go to state 42
    TOKEN_LT      shift, and go to state 43
    TOKEN_LEQ     shift, and go to state 44

    $default  reduce using rule 25 (expression)


state 76

   12 expression: expression . TOKEN_CONS expression
   13           | expression . TOKEN_PLUS expression
   14           | expression . TOKEN_MINUS expression
   15           | expression . TOKEN_TIMES expression
   16           | expression . TOKEN_DIVIDE expression
   17           | expression . TOKEN_AND expression
   18           | expression . TOKEN_OR expression
   19           | expression . TOKEN_EQ expression
   20           | expression . TOKEN_NEQ expression
   21           | expression . TOKEN_LT expression
   22           | expression . TOKEN_LEQ expression
   23           | expression . TOKEN_GT expression
   24           | expression . TOKEN_GEQ expression
   30           | TOKEN_IF expression TOKEN_THEN expression TOKEN_ELSE expression .

    TOKEN_CONS    shift, and go to state 32
    TOKEN_PLUS    shift, and go to state 33
    TOKEN_MINUS   shift, and go to state 34
    TOKEN_TIMES   shift, and go to state 35
    TOKEN_DIVIDE  shift, and go to state 36
    TOKEN_AND     shift, and go to state 37
    TOKEN_OR      shift, and go to state 38
    TOKEN_EQ      shift, and go to state 39
    TOKEN_NEQ     shift, and go to state 40
    TOKEN_GT      shift, and go to state 41
    TOKEN_GEQ     shift, and go to state 42
    TOKEN_LT      shift, and go to state 43
    TOKEN_LEQ     shift, and go to state 44

    $default  reduce using rule 30 (expression)


state 77

   12 expression: expression . TOKEN_CONS expression
   13           | expression . TOKEN_PLUS expression
   14           | expression . TOKEN_MINUS expression
   15           | expression . TOKEN_TIMES expression
   16           | expression . TOKEN_DIVIDE expression
   17           | expression . TOKEN_AND expression
   18           | expression . TOKEN_OR expression
   19           | expression . TOKEN_EQ expression
   20           | expression . TOKEN_NEQ expression
   21           | expression . TOKEN_LT expression
   22           | expression . TOKEN_LEQ expression
   23           | expression . TOKEN_GT expression
   24           | expression . TOKEN_GEQ expression
   29           | TOKEN_FUN identifier TOKEN_WITH identifier_list TOKEN_EQ expression . TOKEN_IN expression

    TOKEN_CONS    shift, and go to state 32
    TOKEN_PLUS    shift, and go to state 33
    TOKEN_MINUS   shift, and go to state 34
    TOKEN_TIMES   shift, and go to state 35
    TOKEN_DIVIDE  shift, and go to state 36
    TOKEN_AND     shift, and go to state 37
    TOKEN_OR      shift, and go to state 38
    TOKEN_EQ      shift, and go to state 39
    TOKEN_NEQ     shift, and go to state 40
    TOKEN_GT      shift, and go to state 41
    TOKEN_GEQ     shift, and go to state 42
    TOKEN_LT      shift, and go to state 43
    TOKEN_LEQ     shift, and go to state 44
    TOKEN_IN      shift, and go to state 78


state 78

   29 expression: TOKEN_FUN identifier TOKEN_WITH identifier_list TOKEN_EQ expression TOKEN_IN . expression

    TOKEN_READSTRING  shift, and go to state 1
    TOKEN_READINT     shift, and go to state 2
    TOKEN_PRINT       shift, and go to state 3
    TOKEN_ISNIL       shift, and go to state 4
    TOKEN_HD          shift, and go to state 5
    TOKEN_TL          shift, and go to state 6
    TOKEN_NIL         shift, and go to state 7
    TOKEN_LET         shift, and go to state 8
    TOKEN_IDENTIFIER  shift, and go to state 9
    TOKEN_INT         shift, and go to state 10
    TOKEN_LPAREN      shift, and go to state 11
    TOKEN_IF          shift, and go to state 12
    TOKEN_LAMBDA      shift, and go to state 13
    TOKEN_FUN         shift, and go to state 14
    TOKEN_STRING      shift, and go to state 15
    TOKEN_ERROR       shift, and go to state 16

    expression  go to state 79


state 79

   12 expression: expression . TOKEN_CONS expression
   13           | expression . TOKEN_PLUS expression
   14           | expression . TOKEN_MINUS expression
   15           | expression . TOKEN_TIMES expression
   16           | expression . TOKEN_DIVIDE expression
   17           | expression . TOKEN_AND expression
   18           | expression . TOKEN_OR expression
   19           | expression . TOKEN_EQ expression
   20           | expression . TOKEN_NEQ expression
   21           | expression . TOKEN_LT expression
   22           | expression . TOKEN_LEQ expression
   23           | expression . TOKEN_GT expression
   24           | expression . TOKEN_GEQ expression
   29           | TOKEN_FUN identifier TOKEN_WITH identifier_list TOKEN_EQ expression TOKEN_IN expression .

    TOKEN_CONS    shift, and go to state 32
    TOKEN_PLUS    shift, and go to state 33
    TOKEN_MINUS   shift, and go to state 34
    TOKEN_TIMES   shift, and go to state 35
    TOKEN_DIVIDE  shift, and go to state 36
    TOKEN_AND     shift, and go to state 37
    TOKEN_OR      shift, and go to state 38
    TOKEN_EQ      shift, and go to state 39
    TOKEN_NEQ     shift, and go to state 40
    TOKEN_GT      shift, and go to state 41
    TOKEN_GEQ     shift, and go to state 42
    TOKEN_LT      shift, and go to state 43
    TOKEN_LEQ     shift, and go to state 44

    $default  reduce using rule 29 (expression)
